Thu Feb 25 09:36:52 2016
latexindent.pl version 2.1R, a script to indent .tex files
latexindent.pl lives here: /home/stefan/software/latex/latexindent/

Modules are being loaded from the following directories:
 	/usr/share/perl/5.20/FindBin.pm
	/usr/share/perl5/YAML/Tiny.pm
	/usr/share/perl/5.20/File/Copy.pm
	/usr/share/perl/5.20/File/Basename.pm
	/usr/share/perl/5.20/Getopt/Long.pm
	/usr/share/perl5/File/HomeDir.pm
Directory for backup files and indent.log: /home/stefan/repos/bachelor/tex
Reading defaultSettings.yaml from /home/stefan/software/latex/latexindent/defaultSettings.yaml

Home directory is /home/stefan
To specify user settings you would put indentconfig.yaml here: 
	/home/stefan/indentconfig.yaml

Alternatively, you can use the hidden file .indentconfig.yaml as: 
	/home/stefan/.indentconfig.yaml


Backup procedure:
	 /home/stefan/repos/bachelor/tex/bachelorarbeit.bak0 already exists, incrementing by 1...
	 /home/stefan/repos/bachelor/tex/bachelorarbeit.bak1 already exists, incrementing by 1...
	 /home/stefan/repos/bachelor/tex/bachelorarbeit.bak2 already exists, incrementing by 1...

	 copying /home/stefan/repos/bachelor/tex/bachelorarbeit.tex to /home/stefan/repos/bachelor/tex/bachelorarbeit.bak3

	 Backup file: /home/stefan/repos/bachelor/tex/bachelorarbeit.bak3
	 Overwriting file: /home/stefan/repos/bachelor/tex/bachelorarbeit.tex

Line Count of /home/stefan/repos/bachelor/tex/bachelorarbeit.tex: 65
Line Count of indented /home/stefan/repos/bachelor/tex/bachelorarbeit.tex: 65

Line counts of original file and indented file match